{
  "stats": {
    "suites": 2,
    "tests": 2,
    "passes": 2,
    "pending": 0,
    "failures": 0,
    "start": "2023-01-06T12:27:36.110Z",
    "end": "2023-01-06T12:29:42.600Z",
    "duration": 126490,
    "testsRegistered": 2,
    "passPercent": 100,
    "pendingPercent": 0,
    "other": 0,
    "hasOther": false,
    "skipped": 0,
    "hasSkipped": false
  },
  "results": [
    {
      "uuid": "ee5f8445-4ce7-47ef-9a70-724b3b5780e4",
      "title": "",
      "fullFile": "cypress/e2e/carousell-bump-exercise-happy-tour.cy.js",
      "file": "cypress/carousell-bump-exercise-happy-tour.cy.js",
      "beforeHooks": [],
      "afterHooks": [],
      "tests": [],
      "suites": [
        {
          "uuid": "7d9502e1-89a8-438a-a3c2-47cac586d4df",
          "title": "checking Jeton nano->louiscklaw",
          "fullFile": "",
          "file": "",
          "beforeHooks": [],
          "afterHooks": [],
          "tests": [
            {
              "title": "carousell-bump-exercise-happy-tour.cy.js",
              "fullTitle": "checking Jeton nano->louiscklaw carousell-bump-exercise-happy-tour.cy.js",
              "timedOut": null,
              "duration": 40582,
              "state": "passed",
              "speed": "slow",
              "pass": true,
              "fail": false,
              "pending": false,
              "context": null,
              "code": "cy.visit(`https://www.carousell.com.hk/search/${active_keyword}`); // cy.visit(\"https://www.example.com\");\n// cy.visit(\"http://192.168.10.180:5500/search-scripts/search-scan/site/index.html\");\n// cy.screenshot({ capture: \"viewport\", overwrite: true });\n// cy.debug(cy.xpath(\"(.//*[contains(text(),'cs_tutor') ])\").length);\ncy.get('[data-testid=\"listing-card-text-seller-name\"]').filter(`:contains(\"${active_user}\")`).first().parent().parent().parent().click();\ncy.wait(3 * 1000);",
              "err": {},
              "uuid": "0cc827e1-8834-4527-a506-2bf06406d620",
              "parentUUID": "7d9502e1-89a8-438a-a3c2-47cac586d4df",
              "isHook": false,
              "skipped": false
            }
          ],
          "suites": [],
          "passes": [
            "0cc827e1-8834-4527-a506-2bf06406d620"
          ],
          "failures": [],
          "pending": [],
          "skipped": [],
          "duration": 40582,
          "root": false,
          "rootEmpty": false,
          "_timeout": 2000
        },
        {
          "uuid": "9c83dc72-3990-481c-bdef-0fa2c42deb7f",
          "title": "checking Jeton nano->louiscklaw",
          "fullFile": "",
          "file": "",
          "beforeHooks": [],
          "afterHooks": [],
          "tests": [
            {
              "title": "carousell-bump-exercise-happy-tour.cy.js",
              "fullTitle": "checking Jeton nano->louiscklaw carousell-bump-exercise-happy-tour.cy.js",
              "timedOut": null,
              "duration": 64341,
              "state": "passed",
              "speed": "slow",
              "pass": true,
              "fail": false,
              "pending": false,
              "context": null,
              "code": "cy.visit(`https://www.carousell.com.hk/search/${active_keyword}`); // cy.visit(\"https://www.example.com\");\n// cy.visit(\"http://192.168.10.180:5500/search-scripts/search-scan/site/index.html\");\n// cy.screenshot({ capture: \"viewport\", overwrite: true });\n// cy.debug(cy.xpath(\"(.//*[contains(text(),'cs_tutor') ])\").length);\ncy.get('[data-testid=\"listing-card-text-seller-name\"]').filter(`:contains(\"${active_user}\")`).first().parent().parent().parent().click();\ncy.wait(3 * 1000);",
              "err": {},
              "uuid": "243cb127-3deb-46da-b02d-c3e93f198a30",
              "parentUUID": "9c83dc72-3990-481c-bdef-0fa2c42deb7f",
              "isHook": false,
              "skipped": false
            }
          ],
          "suites": [],
          "passes": [
            "243cb127-3deb-46da-b02d-c3e93f198a30"
          ],
          "failures": [],
          "pending": [],
          "skipped": [],
          "duration": 64341,
          "root": false,
          "rootEmpty": false,
          "_timeout": 2000
        }
      ],
      "passes": [],
      "failures": [],
      "pending": [],
      "skipped": [],
      "duration": 0,
      "root": true,
      "rootEmpty": true,
      "_timeout": 2000
    }
  ],
  "meta": {
    "mocha": {
      "version": "7.0.1"
    },
    "mochawesome": {
      "options": {
        "quiet": false,
        "reportFilename": "mochawesome",
        "saveHtml": false,
        "saveJson": true,
        "consoleReporter": "spec",
        "useInlineDiffs": false,
        "code": true
      },
      "version": "7.1.3"
    },
    "marge": {
      "options": {
        "overwrite": false,
        "html": false,
        "json": true,
        "reportDir": "cypress/reports/html/.jsons"
      },
      "version": "6.2.0"
    }
  }
}